<?xml version="1.0" encoding="UTF-8"?>
<!-- Generated by org.testng.reporters.JUnitXMLReporter -->
<testsuite ignored="0" hostname="TYSS-Dilip-Chakkarabani" failures="0" tests="11" name="Default test" time="61.819" errors="0" timestamp="2026-07-15T18:47:25 IST">
  <testcase classname="cafeOrderFlowTest.NewUserOrderFlowTest" name="TC01_placeOrderTest" time="14.806"/>
  <testcase classname="cafeOrderFlowTest.NewUserOrderFlowTest" name="TC01_placeOrderTest" time="8.946"/>
  <testcase classname="cafeOrderFlowTest.NewUserOrderFlowTest" name="TC01_placeOrderTest" time="8.593"/>
  <testcase classname="cafeOrderFlowTest.NewUserOrderFlowTest" name="TC02_applyInvalidPromotionTest" time="4.191"/>
  <testcase classname="cafeOrderFlowTest.NewUserOrderFlowTest" name="TC03_deletePromotionTest" time="4.367"/>
  <testcase classname="cafeOrderFlowTest.NewUserOrderFlowTest" name="TC04_deleteProductFromCartTest" time="4.083"/>
  <testcase classname="cafeOrderFlowTest.NewUserOrderFlowTest" name="TC05_validateInsufficientInventoryTest" time="3.36"/>
  <testcase classname="cafeOrderFlowTest.NewUserOrderFlowTest" name="TC05_validateInsufficientInventoryTest" time="2.815"/>
  <testcase classname="cafeOrderFlowTest.NewUserOrderFlowTest" name="TC06_deleteCartPaymentTest" time="6.596"/>
  <testcase classname="cafeOrderFlowTest.NewUserOrderFlowTest" name="TC07_invalidMobileNoValidationTest" time="0.195"/>
  <testcase classname="cafeOrderFlowTest.NewUserOrderFlowTest" name="TC08_invalidOTPValidationTest" time="0.695"/>
</testsuite> <!-- Default test -->
