<?xml version="1.0" encoding="UTF-8"?>
<testng-results ignored="0" total="11" passed="11" failed="0" skipped="0">
  <reporter-output>
  </reporter-output>
  <suite started-at="2026-07-19T14:19:33 IST" name="Surefire suite" finished-at="2026-07-19T14:20:30 IST" duration-ms="57244">
    <groups>
    </groups>
    <test started-at="2026-07-19T14:19:33 IST" name="Surefire test" finished-at="2026-07-19T14:20:30 IST" duration-ms="57244">
      <class name="cafeOrderFlowTest.NewUserOrderFlowTest">
        <test-method is-config="true" signature="beforeMethod()[pri:0, instance:cafeOrderFlowTest.NewUserOrderFlowTest@3e58a80e]" started-at="2026-07-19T14:19:34 IST" name="beforeMethod" finished-at="2026-07-19T14:19:34 IST" duration-ms="12" status="PASS">
          <reporter-output>
          </reporter-output>
        </test-method> <!-- beforeMethod -->
        <test-method signature="TC01_placeOrderTest(java.util.Map)[pri:0, instance:cafeOrderFlowTest.NewUserOrderFlowTest@3e58a80e]" started-at="2026-07-19T14:19:34 IST" name="TC01_placeOrderTest" data-provider="cafe" finished-at="2026-07-19T14:19:48 IST" duration-ms="14167" status="PASS">
          <params>
            <param index="0">
              <value>
                <![CDATA[{Category_limit=200, quantity=1, city=Bengaluru, user_name=Dilip, address_1=No.42 Point 42, Tank Bund Road, Kempapura Agrahara, Bengaluru, sales_channel_id=sc_01KS2MRR22HSZGKHGRM03VR4BK, rating=3, collection_limit=50, vehicle_type=Scooter, mobileNo=3547893181, productName=420 SOAN PAPDI, country_code=in, promo_codes=DIS10, province=Karnataka, vehicle_number=TN89ty9087, stock_location_id=sloc_01KSF3MFQW75MB0RGNYT21NXW7, shippingOption_name=Ghatkopar - Woloo Powder Room Shipping Option, comment=Good product to purchase, postal_code=560023, expectedAmount=72.0, request_id=fc2e5c39-e1b1-4298-a447-2e75459d03a6, otp=1234, medusa_token=Bearer eyJhbGciOiJIUzI1NiIsInR5cCI6IkpXVCJ9.eyJhY3Rvcl9pZCI6ImN1c18wMUtYUVpKOEdTREtGM05CUUFNMU1RWEJESyIsImFjdG9yX3R5cGUiOiJjdXN0b21lciIsImF1dGhfaWRlbnRpdHlfaWQiOiJhdXRoaWRfMDFLWFFaSjhGRTVTR1BHV0haRUs0NDNUUzciLCJhdXRoX3Byb3ZpZGVyIjoiZW1haWxwYXNzIiwiYXBwX21ldGFkYXRhIjp7ImN1c3RvbWVyX2lkIjoiY3VzXzAxS1hRWko4R1NES0YzTkJRQU0xTVFYQkRLIn0sInVzZXJfbWV0YWRhdGEiOnt9LCJpYXQiOjE3ODQ0NTA5NzksImV4cCI6MTc4NDQ1NDU3OX0.TGKorDFd-rV_XkQdD7Vvpi4WtUbYHelzAN47CRcqI9I, clientToken=eyJhbGciOiJIUzI1NiIsInR5cCI6IkpXVCJ9.eyJpZCI6MTEyMzQ0LCJpYXQiOjE3ODQ0NTA5NzgsIm5iZiI6MTc4NDQ1MDk3OCwiZXhwIjoxNzkyMjI2OTc4LCJpc3MiOiJodHRwczovL3dvbG9vLnZlcmlmaW5vdy5jb20vYXBpL3YxL2xvZ2luIiwic3ViIjoiMTEyMzQ0IiwianRpIjoiQUJDREVGR0hJSksifQ.EPTeR6_wly2ZPpUljbclkhoRS31OjyCxwOAUGP9qcmw, region_id=reg_01JPH693TAM20TXZEJNBJ5QBV4, user_id=112344, publishableKey=pk_fcf624a65575af439645b3a59d66350312805c767542fe041bf1a8b853a83f9c, fields=*variants.calculated_price, variants.inventory_quantity,*variants.images,*categories, cart_id=cart_01KXWS27ZZMJF5AJV8BET4B3K7, variant_id=variant_01KTKM9VN82FH0FZF7MKCEMY3R, item_id=cali_01KXWS28G50GGDWTHZMYVK7AQC, shipping_option_id=so_01KSHHXCGAYNAX539RX63X87H7, provider_id=pp_razorpay_razorpay, payment_id=pay_col_01KXWS2C6KJEVF79R4EBT5ZX5Q, payment_session_id=payses_01KXWS2CEB2R63AJVPJBJN6FAV, order_id=ordset_01KXWS2D6BHEKMCC2V235C9Y2C, product_id=prod_01KS4G14NB52WKJY46V522CC97}]]>
              </value>
            </param>
          </params>
          <reporter-output>
          </reporter-output>
        </test-method> <!-- TC01_placeOrderTest -->
        <test-method signature="TC01_placeOrderTest(java.util.Map)[pri:0, instance:cafeOrderFlowTest.NewUserOrderFlowTest@3e58a80e]" started-at="2026-07-19T14:19:48 IST" name="TC01_placeOrderTest" data-provider="cafe" finished-at="2026-07-19T14:19:57 IST" duration-ms="8284" status="PASS">
          <params>
            <param index="0">
              <value>
                <![CDATA[{Category_limit=200, quantity=1, city=Bengaluru, user_name=Dilip, address_1=No.42 Point 42, Tank Bund Road, Kempapura Agrahara, Bengaluru, sales_channel_id=sc_01KS2MRR22HSZGKHGRM03VR4BK, rating=3, collection_limit=50, vehicle_type=Scooter, mobileNo=3547893181, productName=420 SOAN PAPDI, country_code=in, promo_codes=WOLOO_COINS, province=Karnataka, vehicle_number=TN89ty9087, stock_location_id=sloc_01KSF3MFQW75MB0RGNYT21NXW7, shippingOption_name=Ghatkopar - Woloo Powder Room Shipping Option, comment=Good product to purchase, postal_code=560023, expectedAmount=72.0, request_id=43e6997c-8a6e-4580-b990-bd7b31049114, otp=1234, medusa_token=Bearer eyJhbGciOiJIUzI1NiIsInR5cCI6IkpXVCJ9.eyJhY3Rvcl9pZCI6ImN1c18wMUtYUVpKOEdTREtGM05CUUFNMU1RWEJESyIsImFjdG9yX3R5cGUiOiJjdXN0b21lciIsImF1dGhfaWRlbnRpdHlfaWQiOiJhdXRoaWRfMDFLWFFaSjhGRTVTR1BHV0haRUs0NDNUUzciLCJhdXRoX3Byb3ZpZGVyIjoiZW1haWxwYXNzIiwiYXBwX21ldGFkYXRhIjp7ImN1c3RvbWVyX2lkIjoiY3VzXzAxS1hRWko4R1NES0YzTkJRQU0xTVFYQkRLIn0sInVzZXJfbWV0YWRhdGEiOnt9LCJpYXQiOjE3ODQ0NTA5ODksImV4cCI6MTc4NDQ1NDU4OX0.oINWbwv3TVjSRW0tDTkugEdMzhn3EVp-XoNeUrTe7MY, clientToken=eyJhbGciOiJIUzI1NiIsInR5cCI6IkpXVCJ9.eyJpZCI6MTEyMzQ0LCJpYXQiOjE3ODQ0NTA5ODksIm5iZiI6MTc4NDQ1MDk4OSwiZXhwIjoxNzkyMjI2OTg5LCJpc3MiOiJodHRwczovL3dvbG9vLnZlcmlmaW5vdy5jb20vYXBpL3YxL2xvZ2luIiwic3ViIjoiMTEyMzQ0IiwianRpIjoiQUJDREVGR0hJSksifQ.J0AG__BUw9RNg5YnpjR8JoK1VQioHjgJqnj2KEMTj8k, region_id=reg_01JPH693TAM20TXZEJNBJ5QBV4, user_id=112344, publishableKey=pk_fcf624a65575af439645b3a59d66350312805c767542fe041bf1a8b853a83f9c, fields=*variants.calculated_price, variants.inventory_quantity,*variants.images,*categories, cart_id=cart_01KXWS2HAK2QPSQNJ69VC3NFVD, variant_id=variant_01KTKM9VN82FH0FZF7MKCEMY3R, item_id=cali_01KXWS2HP8HA42HHT3TERZV8B7, shipping_option_id=so_01KSHHXCGAYNAX539RX63X87H7, provider_id=pp_razorpay_razorpay, payment_id=pay_col_01KXWS2MPA056EY5DZRZ8FX4Z7, payment_session_id=payses_01KXWS2MY21NRSCVT11Z2H4CAE, order_id=ordset_01KXWS2NMXGBHC4AX5VXHYZF0Z, product_id=prod_01KS4G14NB52WKJY46V522CC97}]]>
              </value>
            </param>
          </params>
          <reporter-output>
          </reporter-output>
        </test-method> <!-- TC01_placeOrderTest -->
        <test-method is-config="true" signature="beforeMethod()[pri:0, instance:cafeOrderFlowTest.NewUserOrderFlowTest@3e58a80e]" started-at="2026-07-19T14:19:48 IST" name="beforeMethod" finished-at="2026-07-19T14:19:48 IST" duration-ms="0" status="PASS">
          <reporter-output>
          </reporter-output>
        </test-method> <!-- beforeMethod -->
        <test-method is-config="true" signature="afterMethod()[pri:0, instance:cafeOrderFlowTest.NewUserOrderFlowTest@3e58a80e]" started-at="2026-07-19T14:19:48 IST" name="afterMethod" finished-at="2026-07-19T14:19:48 IST" duration-ms="0" status="PASS">
          <reporter-output>
          </reporter-output>
        </test-method> <!-- afterMethod -->
        <test-method signature="TC01_placeOrderTest(java.util.Map)[pri:0, instance:cafeOrderFlowTest.NewUserOrderFlowTest@3e58a80e]" started-at="2026-07-19T14:19:57 IST" name="TC01_placeOrderTest" data-provider="cafe" finished-at="2026-07-19T14:20:05 IST" duration-ms="8196" status="PASS">
          <params>
            <param index="0">
              <value>
                <![CDATA[{Category_limit=200, quantity=1, city=Bengaluru, user_name=Dilip, address_1=No.42 Point 42, Tank Bund Road, Kempapura Agrahara, Bengaluru, sales_channel_id=sc_01KS2MRR22HSZGKHGRM03VR4BK, rating=3, collection_limit=50, vehicle_type=Scooter, mobileNo=3547893181, productName=420 SOAN PAPDI, country_code=in, promo_codes=, province=Karnataka, vehicle_number=TN89ty9087, stock_location_id=sloc_01KSF3MFQW75MB0RGNYT21NXW7, shippingOption_name=Ghatkopar - Woloo Powder Room Shipping Option, comment=Good product to purchase, postal_code=560023, expectedAmount=80.0, request_id=1312a575-5162-4eb6-8c4c-66eb6c144b56, otp=1234, medusa_token=Bearer eyJhbGciOiJIUzI1NiIsInR5cCI6IkpXVCJ9.eyJhY3Rvcl9pZCI6ImN1c18wMUtYUVpKOEdTREtGM05CUUFNMU1RWEJESyIsImFjdG9yX3R5cGUiOiJjdXN0b21lciIsImF1dGhfaWRlbnRpdHlfaWQiOiJhdXRoaWRfMDFLWFFaSjhGRTVTR1BHV0haRUs0NDNUUzciLCJhdXRoX3Byb3ZpZGVyIjoiZW1haWxwYXNzIiwiYXBwX21ldGFkYXRhIjp7ImN1c3RvbWVyX2lkIjoiY3VzXzAxS1hRWko4R1NES0YzTkJRQU0xTVFYQkRLIn0sInVzZXJfbWV0YWRhdGEiOnt9LCJpYXQiOjE3ODQ0NTA5OTcsImV4cCI6MTc4NDQ1NDU5N30.UuJ9hOlFJhLz_o1IgTacX17RaIDHceEkueeJ8uZwJfM, clientToken=eyJhbGciOiJIUzI1NiIsInR5cCI6IkpXVCJ9.eyJpZCI6MTEyMzQ0LCJpYXQiOjE3ODQ0NTA5OTcsIm5iZiI6MTc4NDQ1MDk5NywiZXhwIjoxNzkyMjI2OTk3LCJpc3MiOiJodHRwczovL3dvbG9vLnZlcmlmaW5vdy5jb20vYXBpL3YxL2xvZ2luIiwic3ViIjoiMTEyMzQ0IiwianRpIjoiQUJDREVGR0hJSksifQ.BfeZ00W288i40ScJ08pQJ60ynEh7BUC2G-8hIYxFGj0, region_id=reg_01JPH693TAM20TXZEJNBJ5QBV4, user_id=112344, publishableKey=pk_fcf624a65575af439645b3a59d66350312805c767542fe041bf1a8b853a83f9c, fields=*variants.calculated_price, variants.inventory_quantity,*variants.images,*categories, cart_id=cart_01KXWS2SF7MWVXQAM8PK7YJ9SJ, variant_id=variant_01KTKM9VN82FH0FZF7MKCEMY3R, item_id=cali_01KXWS2STHA6HKGA3YP0CDHQBC, shipping_option_id=so_01KSHHXCGAYNAX539RX63X87H7, provider_id=pp_razorpay_razorpay, payment_id=pay_col_01KXWS2WK8N7MNE2KRZNNJQSFA, payment_session_id=payses_01KXWS2WT1C513VXWH7KSZYF42, order_id=ordset_01KXWS2XPH6AW363WNK40SYVM6, product_id=prod_01KS4G14NB52WKJY46V522CC97}]]>
              </value>
            </param>
          </params>
          <reporter-output>
          </reporter-output>
        </test-method> <!-- TC01_placeOrderTest -->
        <test-method is-config="true" signature="afterMethod()[pri:0, instance:cafeOrderFlowTest.NewUserOrderFlowTest@3e58a80e]" started-at="2026-07-19T14:19:57 IST" name="afterMethod" finished-at="2026-07-19T14:19:57 IST" duration-ms="0" status="PASS">
          <reporter-output>
          </reporter-output>
        </test-method> <!-- afterMethod -->
        <test-method is-config="true" signature="beforeMethod()[pri:0, instance:cafeOrderFlowTest.NewUserOrderFlowTest@3e58a80e]" started-at="2026-07-19T14:19:57 IST" name="beforeMethod" finished-at="2026-07-19T14:19:57 IST" duration-ms="0" status="PASS">
          <reporter-output>
          </reporter-output>
        </test-method> <!-- beforeMethod -->
        <test-method is-config="true" signature="afterMethod()[pri:0, instance:cafeOrderFlowTest.NewUserOrderFlowTest@3e58a80e]" started-at="2026-07-19T14:20:05 IST" name="afterMethod" finished-at="2026-07-19T14:20:05 IST" duration-ms="0" status="PASS">
          <reporter-output>
          </reporter-output>
        </test-method> <!-- afterMethod -->
        <test-method signature="TC02_applyInvalidPromotionTest(java.util.Map)[pri:0, instance:cafeOrderFlowTest.NewUserOrderFlowTest@3e58a80e]" started-at="2026-07-19T14:20:05 IST" name="TC02_applyInvalidPromotionTest" data-provider="invalidPromocode" finished-at="2026-07-19T14:20:09 IST" duration-ms="3759" status="PASS">
          <params>
            <param index="0">
              <value>
                <![CDATA[{Category_limit=200, quantity=1, city=Bengaluru, user_name=Dilip, address_1=No.42 Point 42, Tank Bund Road, Kempapura Agrahara, Bengaluru, sales_channel_id=sc_01KS2MRR22HSZGKHGRM03VR4BK, collection_limit=50, vehicle_type=Scooter, mobileNo=4218987436, productName=420 SOAN PAPDI, country_code=in, promo_codes=DIS100, province=Karnataka, vehicle_number=TN89ty9087, stock_location_id=sloc_01KSF3MFQW75MB0RGNYT21NXW7, shippingOption_name=Ghatkopar - Woloo Powder Room Shipping Option, postal_code=560023, expectedAmount=80.0, request_id=f67f4d6b-cf7a-47ad-a6bd-3c86ab304370, otp=1234, medusa_token=Bearer eyJhbGciOiJIUzI1NiIsInR5cCI6IkpXVCJ9.eyJhY3Rvcl9pZCI6ImN1c18wMUtYV1MzMDFGODVSRkVLQzhEUFBFTVBXOSIsImFjdG9yX3R5cGUiOiJjdXN0b21lciIsImF1dGhfaWRlbnRpdHlfaWQiOiJhdXRoaWRfMDFLWFdTMzAwREtHSFBQTU42VDZXQURTRDIiLCJhdXRoX3Byb3ZpZGVyIjoiZW1haWxwYXNzIiwiYXBwX21ldGFkYXRhIjp7ImN1c3RvbWVyX2lkIjoiY3VzXzAxS1hXUzMwMUY4NVJGRUtDOERQUEVNUFc5In0sInVzZXJfbWV0YWRhdGEiOnt9LCJpYXQiOjE3ODQ0NTEwMDYsImV4cCI6MTc4NDQ1NDYwNn0.sAV0hF-PfuwodX7PpSuSC222WuxhoCLpulGOd-Ys6P0, clientToken=eyJhbGciOiJIUzI1NiIsInR5cCI6IkpXVCJ9.eyJpZCI6MTEyNDAzLCJpYXQiOjE3ODQ0NTEwMDYsIm5iZiI6MTc4NDQ1MTAwNiwiZXhwIjoxNzkyMjI3MDA2LCJpc3MiOiJodHRwczovL3dvbG9vLnZlcmlmaW5vdy5jb20vYXBpL3YxL2xvZ2luIiwic3ViIjoiMTEyNDAzIiwianRpIjoiQUJDREVGR0hJSksifQ.r_g-HJqhfOppLUWNkTKja807P3Fui-lNyXzuqiWsxQw, region_id=reg_01JPH693TAM20TXZEJNBJ5QBV4, user_id=112403, publishableKey=pk_fcf624a65575af439645b3a59d66350312805c767542fe041bf1a8b853a83f9c, fields=*variants.calculated_price, variants.inventory_quantity,*variants.images,*categories, cart_id=cart_01KXWS31Y8P2YV66WV301PN788, variant_id=variant_01KTKM9VN82FH0FZF7MKCEMY3R, item_id=cali_01KXWS328Y6VV2TYT5DDS5QFHF}]]>
              </value>
            </param>
          </params>
          <reporter-output>
          </reporter-output>
        </test-method> <!-- TC02_applyInvalidPromotionTest -->
        <test-method is-config="true" signature="beforeMethod()[pri:0, instance:cafeOrderFlowTest.NewUserOrderFlowTest@3e58a80e]" started-at="2026-07-19T14:20:05 IST" name="beforeMethod" finished-at="2026-07-19T14:20:05 IST" duration-ms="0" status="PASS">
          <reporter-output>
          </reporter-output>
        </test-method> <!-- beforeMethod -->
        <test-method is-config="true" signature="afterMethod()[pri:0, instance:cafeOrderFlowTest.NewUserOrderFlowTest@3e58a80e]" started-at="2026-07-19T14:20:09 IST" name="afterMethod" finished-at="2026-07-19T14:20:09 IST" duration-ms="0" status="PASS">
          <reporter-output>
          </reporter-output>
        </test-method> <!-- afterMethod -->
        <test-method signature="TC03_deletePromotionTest(java.util.Map)[pri:0, instance:cafeOrderFlowTest.NewUserOrderFlowTest@3e58a80e]" started-at="2026-07-19T14:20:09 IST" name="TC03_deletePromotionTest" data-provider="deletePromocode" finished-at="2026-07-19T14:20:13 IST" duration-ms="4021" status="PASS">
          <params>
            <param index="0">
              <value>
                <![CDATA[{Category_limit=200, quantity=1, city=Bengaluru, user_name=Dilip, address_1=No.42 Point 42, Tank Bund Road, Kempapura Agrahara, Bengaluru, sales_channel_id=sc_01KS2MRR22HSZGKHGRM03VR4BK, collection_limit=50, vehicle_type=Scooter, mobileNo=4108354211, productName=420 SOAN PAPDI, country_code=in, promo_codes=DIS10, province=Karnataka, vehicle_number=TN89ty9087, stock_location_id=sloc_01KSF3MFQW75MB0RGNYT21NXW7, shippingOption_name=Ghatkopar - Woloo Powder Room Shipping Option, postal_code=560023, expectedAmount=80.0, request_id=452ef5c7-f8d5-4645-aed1-4ccc15764738, otp=1234, medusa_token=Bearer eyJhbGciOiJIUzI1NiIsInR5cCI6IkpXVCJ9.eyJhY3Rvcl9pZCI6ImN1c18wMUtYV1MzM1gwSkZBRzRDRU05UzVOSlFERSIsImFjdG9yX3R5cGUiOiJjdXN0b21lciIsImF1dGhfaWRlbnRpdHlfaWQiOiJhdXRoaWRfMDFLWFdTMzNXNUFNUjBIQ1o3R0gwMDZSVFEiLCJhdXRoX3Byb3ZpZGVyIjoiZW1haWxwYXNzIiwiYXBwX21ldGFkYXRhIjp7ImN1c3RvbWVyX2lkIjoiY3VzXzAxS1hXUzMzWDBKRkFHNENFTTlTNU5KUURFIn0sInVzZXJfbWV0YWRhdGEiOnt9LCJpYXQiOjE3ODQ0NTEwMTAsImV4cCI6MTc4NDQ1NDYxMH0.QFnCh9rbABzTQcsNlo5oMzmm1iRKam0sqGmyR21iG0U, clientToken=eyJhbGciOiJIUzI1NiIsInR5cCI6IkpXVCJ9.eyJpZCI6MTEyNDA0LCJpYXQiOjE3ODQ0NTEwMTAsIm5iZiI6MTc4NDQ1MTAxMCwiZXhwIjoxNzkyMjI3MDEwLCJpc3MiOiJodHRwczovL3dvbG9vLnZlcmlmaW5vdy5jb20vYXBpL3YxL2xvZ2luIiwic3ViIjoiMTEyNDA0IiwianRpIjoiQUJDREVGR0hJSksifQ.5uRJP0ZDcGlrHD66iEKI3Kq7_yMC_T5Bnedl1V4k6f8, region_id=reg_01JPH693TAM20TXZEJNBJ5QBV4, user_id=112404, publishableKey=pk_fcf624a65575af439645b3a59d66350312805c767542fe041bf1a8b853a83f9c, fields=*variants.calculated_price, variants.inventory_quantity,*variants.images,*categories, cart_id=cart_01KXWS35QZV0V9PBPM463MN67W, variant_id=variant_01KTKM9VN82FH0FZF7MKCEMY3R, item_id=cali_01KXWS363B48QQDY9R6PDMZDXJ}]]>
              </value>
            </param>
          </params>
          <reporter-output>
          </reporter-output>
        </test-method> <!-- TC03_deletePromotionTest -->
        <test-method is-config="true" signature="beforeMethod()[pri:0, instance:cafeOrderFlowTest.NewUserOrderFlowTest@3e58a80e]" started-at="2026-07-19T14:20:09 IST" name="beforeMethod" finished-at="2026-07-19T14:20:09 IST" duration-ms="0" status="PASS">
          <reporter-output>
          </reporter-output>
        </test-method> <!-- beforeMethod -->
        <test-method is-config="true" signature="afterMethod()[pri:0, instance:cafeOrderFlowTest.NewUserOrderFlowTest@3e58a80e]" started-at="2026-07-19T14:20:13 IST" name="afterMethod" finished-at="2026-07-19T14:20:13 IST" duration-ms="0" status="PASS">
          <reporter-output>
          </reporter-output>
        </test-method> <!-- afterMethod -->
        <test-method signature="TC04_deleteProductFromCartTest(java.util.Map)[pri:0, instance:cafeOrderFlowTest.NewUserOrderFlowTest@3e58a80e]" started-at="2026-07-19T14:20:13 IST" name="TC04_deleteProductFromCartTest" data-provider="deleteProductFromCart" finished-at="2026-07-19T14:20:17 IST" duration-ms="3635" status="PASS">
          <params>
            <param index="0">
              <value>
                <![CDATA[{Category_limit=200, quantity=1, city=Bengaluru, user_name=Dilip, address_1=No.42 Point 42, Tank Bund Road, Kempapura Agrahara, Bengaluru, sales_channel_id=sc_01KS2MRR22HSZGKHGRM03VR4BK, collection_limit=50, vehicle_type=Scooter, mobileNo=4238248436, productName=420 SOAN PAPDI, country_code=in, promo_codes=DIS10, province=Karnataka, vehicle_number=TN89ty9087, stock_location_id=sloc_01KSF3MFQW75MB0RGNYT21NXW7, shippingOption_name=Ghatkopar - Woloo Powder Room Shipping Option, postal_code=560023, expectedAmount=72.0, request_id=9a27af0a-cc9c-4e05-aeba-19ab0ee15c36, otp=1234, medusa_token=Bearer eyJhbGciOiJIUzI1NiIsInR5cCI6IkpXVCJ9.eyJhY3Rvcl9pZCI6ImN1c18wMUtYV1MzN1Y1WEtHTlA5UzJZWDRUN1REMiIsImFjdG9yX3R5cGUiOiJjdXN0b21lciIsImF1dGhfaWRlbnRpdHlfaWQiOiJhdXRoaWRfMDFLWFdTMzdUQjVIQVpSMVBOQkFCVzVDVzAiLCJhdXRoX3Byb3ZpZGVyIjoiZW1haWxwYXNzIiwiYXBwX21ldGFkYXRhIjp7ImN1c3RvbWVyX2lkIjoiY3VzXzAxS1hXUzM3VjVYS0dOUDlTMllYNFQ3VEQyIn0sInVzZXJfbWV0YWRhdGEiOnt9LCJpYXQiOjE3ODQ0NTEwMTQsImV4cCI6MTc4NDQ1NDYxNH0.fpXkEIropZOCP04EmaEt8cat95iE-G9qMqwvcBYdvD4, clientToken=eyJhbGciOiJIUzI1NiIsInR5cCI6IkpXVCJ9.eyJpZCI6MTEyNDA1LCJpYXQiOjE3ODQ0NTEwMTQsIm5iZiI6MTc4NDQ1MTAxNCwiZXhwIjoxNzkyMjI3MDE0LCJpc3MiOiJodHRwczovL3dvbG9vLnZlcmlmaW5vdy5jb20vYXBpL3YxL2xvZ2luIiwic3ViIjoiMTEyNDA1IiwianRpIjoiQUJDREVGR0hJSksifQ.9Qp1-IrHwB_O9NOmj55Q292QWa_ipd14TSRLW9WJR5E, region_id=reg_01JPH693TAM20TXZEJNBJ5QBV4, user_id=112405, publishableKey=pk_fcf624a65575af439645b3a59d66350312805c767542fe041bf1a8b853a83f9c, fields=*variants.calculated_price, variants.inventory_quantity,*variants.images,*categories, cart_id=cart_01KXWS39N8E2A75H3D54VFF3CQ, variant_id=variant_01KTKM9VN82FH0FZF7MKCEMY3R, item_id=cali_01KXWS39ZY8PEEE74JE91KXEGG}]]>
              </value>
            </param>
          </params>
          <reporter-output>
          </reporter-output>
        </test-method> <!-- TC04_deleteProductFromCartTest -->
        <test-method is-config="true" signature="beforeMethod()[pri:0, instance:cafeOrderFlowTest.NewUserOrderFlowTest@3e58a80e]" started-at="2026-07-19T14:20:13 IST" name="beforeMethod" finished-at="2026-07-19T14:20:13 IST" duration-ms="0" status="PASS">
          <reporter-output>
          </reporter-output>
        </test-method> <!-- beforeMethod -->
        <test-method is-config="true" signature="afterMethod()[pri:0, instance:cafeOrderFlowTest.NewUserOrderFlowTest@3e58a80e]" started-at="2026-07-19T14:20:17 IST" name="afterMethod" finished-at="2026-07-19T14:20:17 IST" duration-ms="0" status="PASS">
          <reporter-output>
          </reporter-output>
        </test-method> <!-- afterMethod -->
        <test-method signature="TC05_validateInsufficientInventoryTest(java.util.Map)[pri:0, instance:cafeOrderFlowTest.NewUserOrderFlowTest@3e58a80e]" started-at="2026-07-19T14:20:17 IST" name="TC05_validateInsufficientInventoryTest" data-provider="insufficientStock" finished-at="2026-07-19T14:20:20 IST" duration-ms="2621" status="PASS">
          <params>
            <param index="0">
              <value>
                <![CDATA[{Category_limit=200, quantity=100, city=Bengaluru, user_name=Dilip, address_1=No.42 Point 42, Tank Bund Road, Kempapura Agrahara, Bengaluru, sales_channel_id=sc_01KS2MRR22HSZGKHGRM03VR4BK, collection_limit=50, vehicle_type=Scooter, mobileNo=3547893185, productName=420 SOAN PAPDI, country_code=in, promo_codes=DIS10, province=Karnataka, vehicle_number=TN89ty9087, stock_location_id=sloc_01KSF3MFQW75MB0RGNYT21NXW7, shippingOption_name=Ghatkopar - Woloo Powder Room Shipping Option, postal_code=560023, expectedAmount=80.0, request_id=a568cd24-8c17-451a-9d94-43fc17004228, otp=1234, medusa_token=Bearer eyJhbGciOiJIUzI1NiIsInR5cCI6IkpXVCJ9.eyJhY3Rvcl9pZCI6ImN1c18wMUtYUVpLSzgyR0pCOFJOUE5aQTJBVjExRCIsImFjdG9yX3R5cGUiOiJjdXN0b21lciIsImF1dGhfaWRlbnRpdHlfaWQiOiJhdXRoaWRfMDFLWFFaS0s3OEdGS1hWNkRLUjA1OE02SkEiLCJhdXRoX3Byb3ZpZGVyIjoiZW1haWxwYXNzIiwiYXBwX21ldGFkYXRhIjp7ImN1c3RvbWVyX2lkIjoiY3VzXzAxS1hRWktLODJHSkI4Uk5QTlpBMkFWMTFEIn0sInVzZXJfbWV0YWRhdGEiOnt9LCJpYXQiOjE3ODQ0NTEwMTgsImV4cCI6MTc4NDQ1NDYxOH0.UyLuTxlzQnn2_hXb3DEBaCXkUFMkYzE3-b3fVv1o2LE, clientToken=eyJhbGciOiJIUzI1NiIsInR5cCI6IkpXVCJ9.eyJpZCI6MTEyMzQ4LCJpYXQiOjE3ODQ0NTEwMTgsIm5iZiI6MTc4NDQ1MTAxOCwiZXhwIjoxNzkyMjI3MDE4LCJpc3MiOiJodHRwczovL3dvbG9vLnZlcmlmaW5vdy5jb20vYXBpL3YxL2xvZ2luIiwic3ViIjoiMTEyMzQ4IiwianRpIjoiQUJDREVGR0hJSksifQ.mww4Ep7h06F0Pz-Ho-FOIu3M_rJFXEXoHGeQZJb88tM, region_id=reg_01JPH693TAM20TXZEJNBJ5QBV4, user_id=112348, publishableKey=pk_fcf624a65575af439645b3a59d66350312805c767542fe041bf1a8b853a83f9c, fields=*variants.calculated_price, variants.inventory_quantity,*variants.images,*categories, cart_id=cart_01KXQZKNAZER9N3J5HDKAB5B3H, variant_id=variant_01KTKM9VN82FH0FZF7MKCEMY3R}]]>
              </value>
            </param>
          </params>
          <reporter-output>
          </reporter-output>
        </test-method> <!-- TC05_validateInsufficientInventoryTest -->
        <test-method is-config="true" signature="beforeMethod()[pri:0, instance:cafeOrderFlowTest.NewUserOrderFlowTest@3e58a80e]" started-at="2026-07-19T14:20:17 IST" name="beforeMethod" finished-at="2026-07-19T14:20:17 IST" duration-ms="0" status="PASS">
          <reporter-output>
          </reporter-output>
        </test-method> <!-- beforeMethod -->
        <test-method signature="TC05_validateInsufficientInventoryTest(java.util.Map)[pri:0, instance:cafeOrderFlowTest.NewUserOrderFlowTest@3e58a80e]" started-at="2026-07-19T14:20:20 IST" name="TC05_validateInsufficientInventoryTest" data-provider="insufficientStock" finished-at="2026-07-19T14:20:22 IST" duration-ms="2603" status="PASS">
          <params>
            <param index="0">
              <value>
                <![CDATA[{Category_limit=200, quantity=1, city=Bengaluru, user_name=Dilip, address_1=No.42 Point 42, Tank Bund Road, Kempapura Agrahara, Bengaluru, sales_channel_id=sc_01KS2MRR22HSZGKHGRM03VR4BK, collection_limit=50, vehicle_type=Scooter, mobileNo=3547893175, productName=AMUL VELVETT MILK CHOCOLATE 50RS, country_code=in, promo_codes=DIS10, province=Karnataka, vehicle_number=TN89ty9087, stock_location_id=sloc_01KSF3MFQW75MB0RGNYT21NXW7, shippingOption_name=Ghatkopar - Woloo Powder Room Shipping Option, postal_code=560023, expectedAmount=80.0, request_id=87f2afc8-7b89-42bf-ae93-e75cc75605e5, otp=1234, medusa_token=Bearer eyJhbGciOiJIUzI1NiIsInR5cCI6IkpXVCJ9.eyJhY3Rvcl9pZCI6ImN1c18wMUtYSllTNjRaTkJTQ1dDWjYwR1laTTlENiIsImFjdG9yX3R5cGUiOiJjdXN0b21lciIsImF1dGhfaWRlbnRpdHlfaWQiOiJhdXRoaWRfMDFLWEpZUzY0NTkzRVpCU1dOVFhINjZEM1oiLCJhdXRoX3Byb3ZpZGVyIjoiZW1haWxwYXNzIiwiYXBwX21ldGFkYXRhIjp7ImN1c3RvbWVyX2lkIjoiY3VzXzAxS1hKWVM2NFpOQlNDV0NaNjBHWVpNOUQ2In0sInVzZXJfbWV0YWRhdGEiOnt9LCJpYXQiOjE3ODQ0NTEwMjAsImV4cCI6MTc4NDQ1NDYyMH0.Ed2IY9BuFndum1MsNl88Ke-PgJWkpp2wmEv8UQi4edo, clientToken=eyJhbGciOiJIUzI1NiIsInR5cCI6IkpXVCJ9.eyJpZCI6MTEyMzM2LCJpYXQiOjE3ODQ0NTEwMjAsIm5iZiI6MTc4NDQ1MTAyMCwiZXhwIjoxNzkyMjI3MDIwLCJpc3MiOiJodHRwczovL3dvbG9vLnZlcmlmaW5vdy5jb20vYXBpL3YxL2xvZ2luIiwic3ViIjoiMTEyMzM2IiwianRpIjoiQUJDREVGR0hJSksifQ.Zl8AVh8eGT5gyS0ZYxppbf4CL51-Xl0-F0Y1PM757eY, region_id=reg_01JPH693TAM20TXZEJNBJ5QBV4, user_id=112336, publishableKey=pk_fcf624a65575af439645b3a59d66350312805c767542fe041bf1a8b853a83f9c, fields=*variants.calculated_price, variants.inventory_quantity,*variants.images,*categories, cart_id=cart_01KXJYS86MPT71H2H5FG6DJC7V, variant_id=variant_01KTKM9VNSX5SXPDAKRTJ33170}]]>
              </value>
            </param>
          </params>
          <reporter-output>
          </reporter-output>
        </test-method> <!-- TC05_validateInsufficientInventoryTest -->
        <test-method is-config="true" signature="afterMethod()[pri:0, instance:cafeOrderFlowTest.NewUserOrderFlowTest@3e58a80e]" started-at="2026-07-19T14:20:20 IST" name="afterMethod" finished-at="2026-07-19T14:20:20 IST" duration-ms="0" status="PASS">
          <reporter-output>
          </reporter-output>
        </test-method> <!-- afterMethod -->
        <test-method is-config="true" signature="beforeMethod()[pri:0, instance:cafeOrderFlowTest.NewUserOrderFlowTest@3e58a80e]" started-at="2026-07-19T14:20:20 IST" name="beforeMethod" finished-at="2026-07-19T14:20:20 IST" duration-ms="0" status="PASS">
          <reporter-output>
          </reporter-output>
        </test-method> <!-- beforeMethod -->
        <test-method is-config="true" signature="afterMethod()[pri:0, instance:cafeOrderFlowTest.NewUserOrderFlowTest@3e58a80e]" started-at="2026-07-19T14:20:22 IST" name="afterMethod" finished-at="2026-07-19T14:20:22 IST" duration-ms="0" status="PASS">
          <reporter-output>
          </reporter-output>
        </test-method> <!-- afterMethod -->
        <test-method signature="TC06_deleteCartPaymentTest(java.util.Map)[pri:0, instance:cafeOrderFlowTest.NewUserOrderFlowTest@3e58a80e]" started-at="2026-07-19T14:20:23 IST" name="TC06_deleteCartPaymentTest" data-provider="deleteProductFromCart" finished-at="2026-07-19T14:20:29 IST" duration-ms="6574" status="PASS">
          <params>
            <param index="0">
              <value>
                <![CDATA[{Category_limit=200, quantity=1, city=Bengaluru, user_name=Dilip, address_1=No.42 Point 42, Tank Bund Road, Kempapura Agrahara, Bengaluru, sales_channel_id=sc_01KS2MRR22HSZGKHGRM03VR4BK, collection_limit=50, vehicle_type=Scooter, mobileNo=4102246442, productName=420 SOAN PAPDI, country_code=in, promo_codes=DIS10, province=Karnataka, vehicle_number=TN89ty9087, stock_location_id=sloc_01KSF3MFQW75MB0RGNYT21NXW7, shippingOption_name=Ghatkopar - Woloo Powder Room Shipping Option, postal_code=560023, expectedAmount=72.0, request_id=02640a18-ca48-4cb3-ae8d-ddc1e5554186, otp=1234, medusa_token=Bearer eyJhbGciOiJIUzI1NiIsInR5cCI6IkpXVCJ9.eyJhY3Rvcl9pZCI6ImN1c18wMUtYV1MzR1dEVFBFMkM4TjZCVFZOQTM4UCIsImFjdG9yX3R5cGUiOiJjdXN0b21lciIsImF1dGhfaWRlbnRpdHlfaWQiOiJhdXRoaWRfMDFLWFdTM0dWS0ZWSERCNDBDTURLMkI2MTIiLCJhdXRoX3Byb3ZpZGVyIjoiZW1haWxwYXNzIiwiYXBwX21ldGFkYXRhIjp7ImN1c3RvbWVyX2lkIjoiY3VzXzAxS1hXUzNHV0RUUEUyQzhONkJUVk5BMzhQIn0sInVzZXJfbWV0YWRhdGEiOnt9LCJpYXQiOjE3ODQ0NTEwMjMsImV4cCI6MTc4NDQ1NDYyM30.46YCrJ8zgL7XovuLdnx5YZK5oVwSSPkgyEnQHu7fZBg, clientToken=eyJhbGciOiJIUzI1NiIsInR5cCI6IkpXVCJ9.eyJpZCI6MTEyNDA2LCJpYXQiOjE3ODQ0NTEwMjMsIm5iZiI6MTc4NDQ1MTAyMywiZXhwIjoxNzkyMjI3MDIzLCJpc3MiOiJodHRwczovL3dvbG9vLnZlcmlmaW5vdy5jb20vYXBpL3YxL2xvZ2luIiwic3ViIjoiMTEyNDA2IiwianRpIjoiQUJDREVGR0hJSksifQ.zemVnkMmsd25EwaoExk_ofEz75CQW-a9YsiOCe8HVgc, region_id=reg_01JPH693TAM20TXZEJNBJ5QBV4, user_id=112406, publishableKey=pk_fcf624a65575af439645b3a59d66350312805c767542fe041bf1a8b853a83f9c, fields=*variants.calculated_price, variants.inventory_quantity,*variants.images,*categories, cart_id=cart_01KXWS3JY3WQMRG94Y3RM3FQTM, variant_id=variant_01KTKM9VN82FH0FZF7MKCEMY3R, item_id=cali_01KXWS3K927R6MACW8M2WBXB37, shipping_option_id=so_01KSHHXCGAYNAX539RX63X87H7, provider_id=pp_razorpay_razorpay, payment_id=pay_col_01KXWS3P21S4KQ1W2QPBAGDYPY, payment_session_id=payses_01KXWS3P8W00B38CR4SHQ8PNF1}]]>
              </value>
            </param>
          </params>
          <reporter-output>
          </reporter-output>
        </test-method> <!-- TC06_deleteCartPaymentTest -->
        <test-method is-config="true" signature="beforeMethod()[pri:0, instance:cafeOrderFlowTest.NewUserOrderFlowTest@3e58a80e]" started-at="2026-07-19T14:20:23 IST" name="beforeMethod" finished-at="2026-07-19T14:20:23 IST" duration-ms="0" status="PASS">
          <reporter-output>
          </reporter-output>
        </test-method> <!-- beforeMethod -->
        <test-method signature="TC07_invalidMobileNoValidationTest()[pri:0, instance:cafeOrderFlowTest.NewUserOrderFlowTest@3e58a80e]" started-at="2026-07-19T14:20:29 IST" name="TC07_invalidMobileNoValidationTest" finished-at="2026-07-19T14:20:29 IST" duration-ms="180" status="PASS">
          <reporter-output>
          </reporter-output>
        </test-method> <!-- TC07_invalidMobileNoValidationTest -->
        <test-method is-config="true" signature="beforeMethod()[pri:0, instance:cafeOrderFlowTest.NewUserOrderFlowTest@3e58a80e]" started-at="2026-07-19T14:20:29 IST" name="beforeMethod" finished-at="2026-07-19T14:20:29 IST" duration-ms="0" status="PASS">
          <reporter-output>
          </reporter-output>
        </test-method> <!-- beforeMethod -->
        <test-method is-config="true" signature="afterMethod()[pri:0, instance:cafeOrderFlowTest.NewUserOrderFlowTest@3e58a80e]" started-at="2026-07-19T14:20:29 IST" name="afterMethod" finished-at="2026-07-19T14:20:29 IST" duration-ms="0" status="PASS">
          <reporter-output>
          </reporter-output>
        </test-method> <!-- afterMethod -->
        <test-method signature="TC08_invalidOTPValidationTest()[pri:0, instance:cafeOrderFlowTest.NewUserOrderFlowTest@3e58a80e]" started-at="2026-07-19T14:20:29 IST" name="TC08_invalidOTPValidationTest" finished-at="2026-07-19T14:20:30 IST" duration-ms="672" status="PASS">
          <reporter-output>
          </reporter-output>
        </test-method> <!-- TC08_invalidOTPValidationTest -->
        <test-method is-config="true" signature="afterMethod()[pri:0, instance:cafeOrderFlowTest.NewUserOrderFlowTest@3e58a80e]" started-at="2026-07-19T14:20:29 IST" name="afterMethod" finished-at="2026-07-19T14:20:29 IST" duration-ms="0" status="PASS">
          <reporter-output>
          </reporter-output>
        </test-method> <!-- afterMethod -->
        <test-method is-config="true" signature="beforeMethod()[pri:0, instance:cafeOrderFlowTest.NewUserOrderFlowTest@3e58a80e]" started-at="2026-07-19T14:20:29 IST" name="beforeMethod" finished-at="2026-07-19T14:20:29 IST" duration-ms="0" status="PASS">
          <reporter-output>
          </reporter-output>
        </test-method> <!-- beforeMethod -->
        <test-method is-config="true" signature="afterMethod()[pri:0, instance:cafeOrderFlowTest.NewUserOrderFlowTest@3e58a80e]" started-at="2026-07-19T14:20:30 IST" name="afterMethod" finished-at="2026-07-19T14:20:30 IST" duration-ms="0" status="PASS">
          <reporter-output>
          </reporter-output>
        </test-method> <!-- afterMethod -->
      </class> <!-- cafeOrderFlowTest.NewUserOrderFlowTest -->
    </test> <!-- Surefire test -->
  </suite> <!-- Surefire suite -->
</testng-results>
