<?xml version="1.0" encoding="UTF-8"?>
<testsuite xmlns:xsi="http://www.w3.org/2001/XMLSchema-instance" xsi:noNamespaceSchemaLocation="https://maven.apache.org/surefire/maven-surefire-plugin/xsd/surefire-test-report-3.0.xsd" version="3.0" name="TestSuite" time="62.732" tests="11" errors="0" skipped="0" failures="0">
  <properties>
[...]
</properties>
  <testcase name="TC01_placeOrderTest[{Category_limit=200, quantity=1, city=Bengaluru, user_name=Dilip, address_1=No.42 Point 42, Tank Bund Road, Kempapura Agrahara, Bengaluru, sales_channel_id=sc_01KS2MRR22HSZGKHGRM03VR4BK, rating=3, collection_limit=50, vehicle_type=Scooter, mobileNo=3547893181, productName=420 SOAN PAPDI, country_code=in, promo_codes=DIS10, province=Karnataka, vehicle_number=TN89ty9087, stock_location_id=sloc_01KSF3MFQW75MB0RGNYT21NXW7, shippingOption_name=Ghatkopar - Woloo Powder Room Shipping Option, comment=Good product to purchase, postal_code=560023, expectedAmount=72.0}](1)" classname="cafeOrderFlowTest.NewUserOrderFlowTest" time="13.046">
    <system-out><![CDATA[17:56:36.015 [main] DEBUG org.testng.TestNG - suiteXmlPath: "C:\Users\User\eclipse-workspace\cafe_api_automation\testng.xml"
17:56:36.065 [main] WARN org.testng.xml.TestNGContentHandler - It is strongly recommended to add "<!DOCTYPE suite SYSTEM "https://testng.org/testng-1.1.dtd" >" at the top of the suite file [C:\Users\User\eclipse-workspace\cafe_api_automation\testng.xml] otherwise TestNG may fail or not work as expected.
Extent Report Initialized
]]></system-out>
  </testcase>
  <testcase name="TC01_placeOrderTest[{Category_limit=200, quantity=1, city=Bengaluru, user_name=Dilip, address_1=No.42 Point 42, Tank Bund Road, Kempapura Agrahara, Bengaluru, sales_channel_id=sc_01KS2MRR22HSZGKHGRM03VR4BK, rating=3, collection_limit=50, vehicle_type=Scooter, mobileNo=3547893181, productName=420 SOAN PAPDI, country_code=in, promo_codes=WOLOO_COINS, province=Karnataka, vehicle_number=TN89ty9087, stock_location_id=sloc_01KSF3MFQW75MB0RGNYT21NXW7, shippingOption_name=Ghatkopar - Woloo Powder Room Shipping Option, comment=Good product to purchase, postal_code=560023, expectedAmount=72.0}](2)" classname="cafeOrderFlowTest.NewUserOrderFlowTest" time="9.094"/>
  <testcase name="TC01_placeOrderTest[{Category_limit=200, quantity=1, city=Bengaluru, user_name=Dilip, address_1=No.42 Point 42, Tank Bund Road, Kempapura Agrahara, Bengaluru, sales_channel_id=sc_01KS2MRR22HSZGKHGRM03VR4BK, rating=3, collection_limit=50, vehicle_type=Scooter, mobileNo=3547893181, productName=420 SOAN PAPDI, country_code=in, promo_codes=, province=Karnataka, vehicle_number=TN89ty9087, stock_location_id=sloc_01KSF3MFQW75MB0RGNYT21NXW7, shippingOption_name=Ghatkopar - Woloo Powder Room Shipping Option, comment=Good product to purchase, postal_code=560023, expectedAmount=80.0}](3)" classname="cafeOrderFlowTest.NewUserOrderFlowTest" time="8.27"/>
  <testcase name="TC02_applyInvalidPromotionTest[{Category_limit=200, quantity=1, city=Bengaluru, user_name=Dilip, address_1=No.42 Point 42, Tank Bund Road, Kempapura Agrahara, Bengaluru, sales_channel_id=sc_01KS2MRR22HSZGKHGRM03VR4BK, collection_limit=50, vehicle_type=Scooter, mobileNo=3547893192, productName=420 SOAN PAPDI, country_code=in, promo_codes=DIS100, province=Karnataka, vehicle_number=TN89ty9087, stock_location_id=sloc_01KSF3MFQW75MB0RGNYT21NXW7, shippingOption_name=Ghatkopar - Woloo Powder Room Shipping Option, postal_code=560023, expectedAmount=80.0}](1)" classname="cafeOrderFlowTest.NewUserOrderFlowTest" time="4.371"/>
  <testcase name="TC03_deletePromotionTest[{Category_limit=200, quantity=1, city=Bengaluru, user_name=Dilip, address_1=No.42 Point 42, Tank Bund Road, Kempapura Agrahara, Bengaluru, sales_channel_id=sc_01KS2MRR22HSZGKHGRM03VR4BK, collection_limit=50, vehicle_type=Scooter, mobileNo=3547893193, productName=420 SOAN PAPDI, country_code=in, promo_codes=DIS10, province=Karnataka, vehicle_number=TN89ty9087, stock_location_id=sloc_01KSF3MFQW75MB0RGNYT21NXW7, shippingOption_name=Ghatkopar - Woloo Powder Room Shipping Option, postal_code=560023, expectedAmount=80.0}](1)" classname="cafeOrderFlowTest.NewUserOrderFlowTest" time="4.544"/>
  <testcase name="TC04_deleteProductFromCartTest[{Category_limit=200, quantity=1, city=Bengaluru, user_name=Dilip, address_1=No.42 Point 42, Tank Bund Road, Kempapura Agrahara, Bengaluru, sales_channel_id=sc_01KS2MRR22HSZGKHGRM03VR4BK, collection_limit=50, vehicle_type=Scooter, mobileNo=3547893194, productName=420 SOAN PAPDI, country_code=in, promo_codes=DIS10, province=Karnataka, vehicle_number=TN89ty9087, stock_location_id=sloc_01KSF3MFQW75MB0RGNYT21NXW7, shippingOption_name=Ghatkopar - Woloo Powder Room Shipping Option, postal_code=560023, expectedAmount=72.0}](1)" classname="cafeOrderFlowTest.NewUserOrderFlowTest" time="4.486"/>
  <testcase name="TC05_validateInsufficientInventoryTest[{Category_limit=200, quantity=100, city=Bengaluru, user_name=Dilip, address_1=No.42 Point 42, Tank Bund Road, Kempapura Agrahara, Bengaluru, sales_channel_id=sc_01KS2MRR22HSZGKHGRM03VR4BK, collection_limit=50, vehicle_type=Scooter, mobileNo=3547893185, productName=420 SOAN PAPDI, country_code=in, promo_codes=DIS10, province=Karnataka, vehicle_number=TN89ty9087, stock_location_id=sloc_01KSF3MFQW75MB0RGNYT21NXW7, shippingOption_name=Ghatkopar - Woloo Powder Room Shipping Option, postal_code=560023, expectedAmount=80.0}](1)" classname="cafeOrderFlowTest.NewUserOrderFlowTest" time="3.083"/>
  <testcase name="TC05_validateInsufficientInventoryTest[{Category_limit=200, quantity=1, city=Bengaluru, user_name=Dilip, address_1=No.42 Point 42, Tank Bund Road, Kempapura Agrahara, Bengaluru, sales_channel_id=sc_01KS2MRR22HSZGKHGRM03VR4BK, collection_limit=50, vehicle_type=Scooter, mobileNo=3547893175, productName=AMUL VELVETT MILK CHOCOLATE 50RS, country_code=in, promo_codes=DIS10, province=Karnataka, vehicle_number=TN89ty9087, stock_location_id=sloc_01KSF3MFQW75MB0RGNYT21NXW7, shippingOption_name=Ghatkopar - Woloo Powder Room Shipping Option, postal_code=560023, expectedAmount=80.0}](2)" classname="cafeOrderFlowTest.NewUserOrderFlowTest" time="3.158"/>
  <testcase name="TC06_deleteCartPaymentTest[{Category_limit=200, quantity=1, city=Bengaluru, user_name=Dilip, address_1=No.42 Point 42, Tank Bund Road, Kempapura Agrahara, Bengaluru, sales_channel_id=sc_01KS2MRR22HSZGKHGRM03VR4BK, collection_limit=50, vehicle_type=Scooter, mobileNo=3547893194, productName=420 SOAN PAPDI, country_code=in, promo_codes=DIS10, province=Karnataka, vehicle_number=TN89ty9087, stock_location_id=sloc_01KSF3MFQW75MB0RGNYT21NXW7, shippingOption_name=Ghatkopar - Woloo Powder Room Shipping Option, postal_code=560023, expectedAmount=72.0}](1)" classname="cafeOrderFlowTest.NewUserOrderFlowTest" time="6.868"/>
  <testcase name="TC07_invalidMobileNoValidationTest" classname="cafeOrderFlowTest.NewUserOrderFlowTest" time="0.546"/>
  <testcase name="TC08_invalidOTPValidationTest" classname="cafeOrderFlowTest.NewUserOrderFlowTest" time="0.694"/>
</testsuite>