<?xml version="1.0" encoding="UTF-8"?>
<!-- Generated by org.testng.reporters.JUnitReportReporter -->
<testsuite hostname="TYSS-Dilip-Chakkarabani" failures="0" tests="11" name="cafeOrderFlowTest.NewUserOrderFlowTest" time="58.174" errors="0" timestamp="2026-07-17T17:57:38 IST" skipped="0">
  <testcase classname="cafeOrderFlowTest.NewUserOrderFlowTest" name="TC03_deletePromotionTest" time="4.545"/>
  <testcase classname="cafeOrderFlowTest.NewUserOrderFlowTest" name="TC06_deleteCartPaymentTest" time="6.868"/>
  <testcase classname="cafeOrderFlowTest.NewUserOrderFlowTest" name="TC07_invalidMobileNoValidationTest" time="0.547"/>
  <testcase classname="cafeOrderFlowTest.NewUserOrderFlowTest" name="TC08_invalidOTPValidationTest" time="0.694"/>
  <testcase classname="cafeOrderFlowTest.NewUserOrderFlowTest" name="TC04_deleteProductFromCartTest" time="4.487"/>
  <testcase classname="cafeOrderFlowTest.NewUserOrderFlowTest" name="TC01_placeOrderTest" time="13.057"/>
  <testcase classname="cafeOrderFlowTest.NewUserOrderFlowTest" name="TC05_validateInsufficientInventoryTest" time="3.158"/>
  <testcase classname="cafeOrderFlowTest.NewUserOrderFlowTest" name="TC01_placeOrderTest" time="8.269"/>
  <testcase classname="cafeOrderFlowTest.NewUserOrderFlowTest" name="TC05_validateInsufficientInventoryTest" time="3.083"/>
  <testcase classname="cafeOrderFlowTest.NewUserOrderFlowTest" name="TC02_applyInvalidPromotionTest" time="4.371"/>
  <testcase classname="cafeOrderFlowTest.NewUserOrderFlowTest" name="TC01_placeOrderTest" time="9.095"/>
</testsuite> <!-- cafeOrderFlowTest.NewUserOrderFlowTest -->
