<?xml version="1.0" encoding="UTF-8"?>
<!-- Generated by org.testng.reporters.JUnitReportReporter -->
<testsuite hostname="TYSS-Dilip-Chakkarabani" failures="0" tests="11" name="cafeOrderFlowTest.NewUserOrderFlowTest" time="54.724" errors="0" timestamp="2026-07-19T14:20:30 IST" skipped="0">
  <testcase classname="cafeOrderFlowTest.NewUserOrderFlowTest" name="TC04_deleteProductFromCartTest" time="3.635"/>
  <testcase classname="cafeOrderFlowTest.NewUserOrderFlowTest" name="TC01_placeOrderTest" time="8.196"/>
  <testcase classname="cafeOrderFlowTest.NewUserOrderFlowTest" name="TC05_validateInsufficientInventoryTest" time="2.621"/>
  <testcase classname="cafeOrderFlowTest.NewUserOrderFlowTest" name="TC06_deleteCartPaymentTest" time="6.574"/>
  <testcase classname="cafeOrderFlowTest.NewUserOrderFlowTest" name="TC07_invalidMobileNoValidationTest" time="0.180"/>
  <testcase classname="cafeOrderFlowTest.NewUserOrderFlowTest" name="TC01_placeOrderTest" time="8.284"/>
  <testcase classname="cafeOrderFlowTest.NewUserOrderFlowTest" name="TC02_applyInvalidPromotionTest" time="3.771"/>
  <testcase classname="cafeOrderFlowTest.NewUserOrderFlowTest" name="TC01_placeOrderTest" time="14.167"/>
  <testcase classname="cafeOrderFlowTest.NewUserOrderFlowTest" name="TC03_deletePromotionTest" time="4.021"/>
  <testcase classname="cafeOrderFlowTest.NewUserOrderFlowTest" name="TC05_validateInsufficientInventoryTest" time="2.603"/>
  <testcase classname="cafeOrderFlowTest.NewUserOrderFlowTest" name="TC08_invalidOTPValidationTest" time="0.672"/>
</testsuite> <!-- cafeOrderFlowTest.NewUserOrderFlowTest -->
